{"/home/lizbeth/Documents/LAB-11/LIM011-fe-md-links/src/cliCondition.js": {"path":"/home/lizbeth/Documents/LAB-11/LIM011-fe-md-links/src/cliCondition.js","statementMap":{"0":{"start":{"line":1,"column":15},"end":{"line":1,"column":38}},"1":{"start":{"line":2,"column":14},"end":{"line":2,"column":41}},"2":{"start":{"line":5,"column":18},"end":{"line":22,"column":1}},"3":{"start":{"line":6,"column":18},"end":{"line":6,"column":20}},"4":{"start":{"line":7,"column":2},"end":{"line":20,"column":3}},"5":{"start":{"line":8,"column":4},"end":{"line":8,"column":90}},"6":{"start":{"line":8,"column":41},"end":{"line":8,"column":88}},"7":{"start":{"line":9,"column":9},"end":{"line":20,"column":3}},"8":{"start":{"line":10,"column":4},"end":{"line":11,"column":53}},"9":{"start":{"line":11,"column":21},"end":{"line":11,"column":51}},"10":{"start":{"line":12,"column":9},"end":{"line":20,"column":3}},"11":{"start":{"line":13,"column":4},"end":{"line":14,"column":52}},"12":{"start":{"line":14,"column":21},"end":{"line":14,"column":50}},"13":{"start":{"line":15,"column":9},"end":{"line":20,"column":3}},"14":{"start":{"line":16,"column":4},"end":{"line":17,"column":52}},"15":{"start":{"line":17,"column":21},"end":{"line":17,"column":50}},"16":{"start":{"line":18,"column":9},"end":{"line":20,"column":3}},"17":{"start":{"line":19,"column":4},"end":{"line":19,"column":94}},"18":{"start":{"line":19,"column":71},"end":{"line":19,"column":92}},"19":{"start":{"line":21,"column":2},"end":{"line":21,"column":19}},"20":{"start":{"line":23,"column":0},"end":{"line":25,"column":2}}},"fnMap":{"0":{"name":"(anonymous_0)","decl":{"start":{"line":5,"column":18},"end":{"line":5,"column":19}},"loc":{"start":{"line":5,"column":37},"end":{"line":22,"column":1}},"line":5},"1":{"name":"(anonymous_1)","decl":{"start":{"line":8,"column":28},"end":{"line":8,"column":29}},"loc":{"start":{"line":8,"column":41},"end":{"line":8,"column":88}},"line":8},"2":{"name":"(anonymous_2)","decl":{"start":{"line":11,"column":12},"end":{"line":11,"column":13}},"loc":{"start":{"line":11,"column":21},"end":{"line":11,"column":51}},"line":11},"3":{"name":"(anonymous_3)","decl":{"start":{"line":14,"column":12},"end":{"line":14,"column":13}},"loc":{"start":{"line":14,"column":21},"end":{"line":14,"column":50}},"line":14},"4":{"name":"(anonymous_4)","decl":{"start":{"line":17,"column":12},"end":{"line":17,"column":13}},"loc":{"start":{"line":17,"column":21},"end":{"line":17,"column":50}},"line":17},"5":{"name":"(anonymous_5)","decl":{"start":{"line":19,"column":62},"end":{"line":19,"column":63}},"loc":{"start":{"line":19,"column":71},"end":{"line":19,"column":92}},"line":19}},"branchMap":{"0":{"loc":{"start":{"line":7,"column":2},"end":{"line":20,"column":3}},"type":"if","locations":[{"start":{"line":7,"column":2},"end":{"line":20,"column":3}},{"start":{"line":7,"column":2},"end":{"line":20,"column":3}}],"line":7},"1":{"loc":{"start":{"line":9,"column":9},"end":{"line":20,"column":3}},"type":"if","locations":[{"start":{"line":9,"column":9},"end":{"line":20,"column":3}},{"start":{"line":9,"column":9},"end":{"line":20,"column":3}}],"line":9},"2":{"loc":{"start":{"line":12,"column":9},"end":{"line":20,"column":3}},"type":"if","locations":[{"start":{"line":12,"column":9},"end":{"line":20,"column":3}},{"start":{"line":12,"column":9},"end":{"line":20,"column":3}}],"line":12},"3":{"loc":{"start":{"line":12,"column":13},"end":{"line":12,"column":138}},"type":"binary-expr","locations":[{"start":{"line":12,"column":14},"end":{"line":12,"column":47}},{"start":{"line":12,"column":51},"end":{"line":12,"column":78}},{"start":{"line":12,"column":84},"end":{"line":12,"column":110}},{"start":{"line":12,"column":114},"end":{"line":12,"column":137}}],"line":12},"4":{"loc":{"start":{"line":15,"column":9},"end":{"line":20,"column":3}},"type":"if","locations":[{"start":{"line":15,"column":9},"end":{"line":20,"column":3}},{"start":{"line":15,"column":9},"end":{"line":20,"column":3}}],"line":15},"5":{"loc":{"start":{"line":15,"column":13},"end":{"line":15,"column":80}},"type":"binary-expr","locations":[{"start":{"line":15,"column":14},"end":{"line":15,"column":47}},{"start":{"line":15,"column":53},"end":{"line":15,"column":79}}],"line":15},"6":{"loc":{"start":{"line":18,"column":9},"end":{"line":20,"column":3}},"type":"if","locations":[{"start":{"line":18,"column":9},"end":{"line":20,"column":3}},{"start":{"line":18,"column":9},"end":{"line":20,"column":3}}],"line":18},"7":{"loc":{"start":{"line":18,"column":13},"end":{"line":18,"column":75}},"type":"binary-expr","locations":[{"start":{"line":18,"column":13},"end":{"line":18,"column":43}},{"start":{"line":18,"column":48},"end":{"line":18,"column":74}}],"line":18}},"s":{"0":1,"1":1,"2":1,"3":0,"4":0,"5":0,"6":0,"7":0,"8":0,"9":0,"10":0,"11":0,"12":0,"13":0,"14":0,"15":0,"16":0,"17":0,"18":0,"19":0,"20":1},"f":{"0":0,"1":0,"2":0,"3":0,"4":0,"5":0},"b":{"0":[0,0],"1":[0,0],"2":[0,0],"3":[0,0,0,0],"4":[0,0],"5":[0,0],"6":[0,0],"7":[0,0]},"_coverageSchema":"1a1c01bbd47fc00a2c39e90264f33305004495a9","hash":"17353a9542d98ff9446e80ab197c1fb3f26facb0"}
,"/home/lizbeth/Documents/LAB-11/LIM011-fe-md-links/src/md-link.js": {"path":"/home/lizbeth/Documents/LAB-11/LIM011-fe-md-links/src/md-link.js","statementMap":{"0":{"start":{"line":3,"column":22},"end":{"line":3,"column":62}},"1":{"start":{"line":4,"column":16},"end":{"line":4,"column":51}},"2":{"start":{"line":6,"column":16},"end":{"line":14,"column":2}},"3":{"start":{"line":6,"column":35},"end":{"line":14,"column":2}},"4":{"start":{"line":8,"column":2},"end":{"line":11,"column":3}},"5":{"start":{"line":9,"column":4},"end":{"line":9,"column":39}},"6":{"start":{"line":12,"column":2},"end":{"line":12,"column":60}},"7":{"start":{"line":51,"column":27},"end":{"line":55,"column":1}},"8":{"start":{"line":52,"column":18},"end":{"line":52,"column":20}},"9":{"start":{"line":53,"column":2},"end":{"line":53,"column":95}},"10":{"start":{"line":53,"column":28},"end":{"line":53,"column":91}},"11":{"start":{"line":54,"column":2},"end":{"line":54,"column":19}},"12":{"start":{"line":56,"column":26},"end":{"line":62,"column":1}},"13":{"start":{"line":57,"column":18},"end":{"line":57,"column":20}},"14":{"start":{"line":58,"column":2},"end":{"line":60,"column":5}},"15":{"start":{"line":59,"column":4},"end":{"line":59,"column":94}},"16":{"start":{"line":61,"column":2},"end":{"line":61,"column":19}},"17":{"start":{"line":67,"column":0},"end":{"line":71,"column":2}}},"fnMap":{"0":{"name":"(anonymous_0)","decl":{"start":{"line":6,"column":16},"end":{"line":6,"column":17}},"loc":{"start":{"line":6,"column":35},"end":{"line":14,"column":2}},"line":6},"1":{"name":"(anonymous_1)","decl":{"start":{"line":6,"column":47},"end":{"line":6,"column":48}},"loc":{"start":{"line":6,"column":60},"end":{"line":14,"column":1}},"line":6},"2":{"name":"(anonymous_2)","decl":{"start":{"line":51,"column":27},"end":{"line":51,"column":28}},"loc":{"start":{"line":51,"column":38},"end":{"line":55,"column":1}},"line":51},"3":{"name":"(anonymous_3)","decl":{"start":{"line":53,"column":16},"end":{"line":53,"column":17}},"loc":{"start":{"line":53,"column":26},"end":{"line":53,"column":93}},"line":53},"4":{"name":"(anonymous_4)","decl":{"start":{"line":56,"column":26},"end":{"line":56,"column":27}},"loc":{"start":{"line":56,"column":37},"end":{"line":62,"column":1}},"line":56},"5":{"name":"(anonymous_5)","decl":{"start":{"line":58,"column":16},"end":{"line":58,"column":17}},"loc":{"start":{"line":58,"column":26},"end":{"line":60,"column":3}},"line":58}},"branchMap":{"0":{"loc":{"start":{"line":8,"column":2},"end":{"line":11,"column":3}},"type":"if","locations":[{"start":{"line":8,"column":2},"end":{"line":11,"column":3}},{"start":{"line":8,"column":2},"end":{"line":11,"column":3}}],"line":8}},"s":{"0":2,"1":2,"2":2,"3":2,"4":2,"5":1,"6":2,"7":2,"8":1,"9":1,"10":3,"11":1,"12":2,"13":1,"14":1,"15":3,"16":1,"17":2},"f":{"0":2,"1":2,"2":1,"3":3,"4":1,"5":3},"b":{"0":[1,1]},"_coverageSchema":"1a1c01bbd47fc00a2c39e90264f33305004495a9","hash":"01a7fb9cb57bf647998d0b7ad8d9ecae0ffaebe3"}
,"/home/lizbeth/Documents/LAB-11/LIM011-fe-md-links/src/utils/estractorLink.js": {"path":"/home/lizbeth/Documents/LAB-11/LIM011-fe-md-links/src/utils/estractorLink.js","statementMap":{"0":{"start":{"line":1,"column":15},"end":{"line":1,"column":32}},"1":{"start":{"line":2,"column":13},"end":{"line":2,"column":28}},"2":{"start":{"line":3,"column":11},"end":{"line":3,"column":24}},"3":{"start":{"line":7,"column":31},"end":{"line":23,"column":1}},"4":{"start":{"line":8,"column":23},"end":{"line":8,"column":25}},"5":{"start":{"line":11,"column":2},"end":{"line":21,"column":3}},"6":{"start":{"line":12,"column":34},"end":{"line":12,"column":55}},"7":{"start":{"line":14,"column":4},"end":{"line":17,"column":7}},"8":{"start":{"line":15,"column":31},"end":{"line":15,"column":53}},"9":{"start":{"line":16,"column":6},"end":{"line":16,"column":87}},"10":{"start":{"line":20,"column":4},"end":{"line":20,"column":31}},"11":{"start":{"line":22,"column":2},"end":{"line":22,"column":24}},"12":{"start":{"line":26,"column":24},"end":{"line":26,"column":87}},"13":{"start":{"line":26,"column":35},"end":{"line":26,"column":87}},"14":{"start":{"line":26,"column":58},"end":{"line":26,"column":86}},"15":{"start":{"line":28,"column":21},"end":{"line":40,"column":1}},"16":{"start":{"line":31,"column":22},"end":{"line":31,"column":48}},"17":{"start":{"line":33,"column":40},"end":{"line":33,"column":63}},"18":{"start":{"line":35,"column":2},"end":{"line":37,"column":38}},"19":{"start":{"line":36,"column":4},"end":{"line":36,"column":49}},"20":{"start":{"line":37,"column":11},"end":{"line":37,"column":36}},"21":{"start":{"line":38,"column":17},"end":{"line":38,"column":70}},"22":{"start":{"line":39,"column":2},"end":{"line":39,"column":16}},"23":{"start":{"line":43,"column":30},"end":{"line":64,"column":1}},"24":{"start":{"line":44,"column":31},"end":{"line":44,"column":53}},"25":{"start":{"line":46,"column":16},"end":{"line":46,"column":18}},"26":{"start":{"line":47,"column":19},"end":{"line":47,"column":40}},"27":{"start":{"line":49,"column":2},"end":{"line":62,"column":5}},"28":{"start":{"line":50,"column":22},"end":{"line":50,"column":59}},"29":{"start":{"line":52,"column":19},"end":{"line":58,"column":5}},"30":{"start":{"line":53,"column":6},"end":{"line":57,"column":9}},"31":{"start":{"line":59,"column":4},"end":{"line":59,"column":27}},"32":{"start":{"line":61,"column":4},"end":{"line":61,"column":36}},"33":{"start":{"line":63,"column":2},"end":{"line":63,"column":15}},"34":{"start":{"line":71,"column":0},"end":{"line":76,"column":2}}},"fnMap":{"0":{"name":"(anonymous_0)","decl":{"start":{"line":7,"column":31},"end":{"line":7,"column":32}},"loc":{"start":{"line":7,"column":42},"end":{"line":23,"column":1}},"line":7},"1":{"name":"(anonymous_1)","decl":{"start":{"line":14,"column":34},"end":{"line":14,"column":35}},"loc":{"start":{"line":14,"column":44},"end":{"line":17,"column":5}},"line":14},"2":{"name":"(anonymous_2)","decl":{"start":{"line":26,"column":24},"end":{"line":26,"column":25}},"loc":{"start":{"line":26,"column":35},"end":{"line":26,"column":87}},"line":26},"3":{"name":"(anonymous_3)","decl":{"start":{"line":26,"column":48},"end":{"line":26,"column":49}},"loc":{"start":{"line":26,"column":58},"end":{"line":26,"column":86}},"line":26},"4":{"name":"(anonymous_4)","decl":{"start":{"line":28,"column":21},"end":{"line":28,"column":22}},"loc":{"start":{"line":28,"column":36},"end":{"line":40,"column":1}},"line":28},"5":{"name":"(anonymous_5)","decl":{"start":{"line":43,"column":30},"end":{"line":43,"column":31}},"loc":{"start":{"line":43,"column":44},"end":{"line":64,"column":1}},"line":43},"6":{"name":"(anonymous_6)","decl":{"start":{"line":49,"column":31},"end":{"line":49,"column":32}},"loc":{"start":{"line":49,"column":46},"end":{"line":62,"column":3}},"line":49},"7":{"name":"(anonymous_7)","decl":{"start":{"line":52,"column":19},"end":{"line":52,"column":20}},"loc":{"start":{"line":52,"column":38},"end":{"line":58,"column":5}},"line":52}},"branchMap":{"0":{"loc":{"start":{"line":11,"column":2},"end":{"line":21,"column":3}},"type":"if","locations":[{"start":{"line":11,"column":2},"end":{"line":21,"column":3}},{"start":{"line":11,"column":2},"end":{"line":21,"column":3}}],"line":11},"1":{"loc":{"start":{"line":35,"column":2},"end":{"line":37,"column":38}},"type":"if","locations":[{"start":{"line":35,"column":2},"end":{"line":37,"column":38}},{"start":{"line":35,"column":2},"end":{"line":37,"column":38}}],"line":35}},"s":{"0":4,"1":4,"2":4,"3":4,"4":28,"5":28,"6":7,"7":7,"8":21,"9":21,"10":21,"11":28,"12":4,"13":7,"14":21,"15":4,"16":6,"17":6,"18":6,"19":1,"20":5,"21":6,"22":6,"23":4,"24":5,"25":5,"26":5,"27":5,"28":5,"29":5,"30":16,"31":5,"32":5,"33":5,"34":4},"f":{"0":28,"1":21,"2":7,"3":21,"4":6,"5":5,"6":5,"7":16},"b":{"0":[7,21],"1":[1,5]},"_coverageSchema":"1a1c01bbd47fc00a2c39e90264f33305004495a9","hash":"88296ece9744a84b9f5b614d4d7cbc41e2120009"}
,"/home/lizbeth/Documents/LAB-11/LIM011-fe-md-links/src/utils/stats.js": {"path":"/home/lizbeth/Documents/LAB-11/LIM011-fe-md-links/src/utils/stats.js","statementMap":{"0":{"start":{"line":2,"column":19},"end":{"line":2,"column":42}},"1":{"start":{"line":2,"column":30},"end":{"line":2,"column":42}},"2":{"start":{"line":4,"column":20},"end":{"line":4,"column":82}},"3":{"start":{"line":4,"column":31},"end":{"line":4,"column":82}},"4":{"start":{"line":4,"column":63},"end":{"line":4,"column":72}},"5":{"start":{"line":5,"column":20},"end":{"line":5,"column":110}},"6":{"start":{"line":5,"column":31},"end":{"line":5,"column":110}},"7":{"start":{"line":5,"column":54},"end":{"line":5,"column":102}},"8":{"start":{"line":8,"column":19},"end":{"line":11,"column":1}},"9":{"start":{"line":9,"column":17},"end":{"line":9,"column":83}},"10":{"start":{"line":10,"column":2},"end":{"line":10,"column":15}},"11":{"start":{"line":13,"column":27},"end":{"line":16,"column":1}},"12":{"start":{"line":14,"column":17},"end":{"line":14,"column":112}},"13":{"start":{"line":15,"column":2},"end":{"line":15,"column":15}},"14":{"start":{"line":35,"column":0},"end":{"line":41,"column":2}}},"fnMap":{"0":{"name":"(anonymous_0)","decl":{"start":{"line":2,"column":19},"end":{"line":2,"column":20}},"loc":{"start":{"line":2,"column":30},"end":{"line":2,"column":42}},"line":2},"1":{"name":"(anonymous_1)","decl":{"start":{"line":4,"column":20},"end":{"line":4,"column":21}},"loc":{"start":{"line":4,"column":31},"end":{"line":4,"column":82}},"line":4},"2":{"name":"(anonymous_2)","decl":{"start":{"line":4,"column":53},"end":{"line":4,"column":54}},"loc":{"start":{"line":4,"column":63},"end":{"line":4,"column":72}},"line":4},"3":{"name":"(anonymous_3)","decl":{"start":{"line":5,"column":20},"end":{"line":5,"column":21}},"loc":{"start":{"line":5,"column":31},"end":{"line":5,"column":110}},"line":5},"4":{"name":"(anonymous_4)","decl":{"start":{"line":5,"column":44},"end":{"line":5,"column":45}},"loc":{"start":{"line":5,"column":54},"end":{"line":5,"column":102}},"line":5},"5":{"name":"(anonymous_5)","decl":{"start":{"line":8,"column":19},"end":{"line":8,"column":20}},"loc":{"start":{"line":8,"column":30},"end":{"line":11,"column":1}},"line":8},"6":{"name":"(anonymous_6)","decl":{"start":{"line":13,"column":27},"end":{"line":13,"column":28}},"loc":{"start":{"line":13,"column":38},"end":{"line":16,"column":1}},"line":13}},"branchMap":{"0":{"loc":{"start":{"line":5,"column":54},"end":{"line":5,"column":102}},"type":"binary-expr","locations":[{"start":{"line":5,"column":54},"end":{"line":5,"column":72}},{"start":{"line":5,"column":76},"end":{"line":5,"column":102}}],"line":5}},"s":{"0":2,"1":3,"2":2,"3":3,"4":9,"5":2,"6":2,"7":6,"8":2,"9":1,"10":1,"11":2,"12":1,"13":1,"14":2},"f":{"0":3,"1":3,"2":9,"3":2,"4":6,"5":1,"6":1},"b":{"0":[6,6]},"_coverageSchema":"1a1c01bbd47fc00a2c39e90264f33305004495a9","hash":"e1b2fe8ecf133094ad72b226e7d566fba4c13ff9"}
,"/home/lizbeth/Documents/LAB-11/LIM011-fe-md-links/src/utils/validate.js": {"path":"/home/lizbeth/Documents/LAB-11/LIM011-fe-md-links/src/utils/validate.js","statementMap":{"0":{"start":{"line":1,"column":14},"end":{"line":1,"column":35}},"1":{"start":{"line":2,"column":14},"end":{"line":2,"column":47}},"2":{"start":{"line":4,"column":20},"end":{"line":26,"column":1}},"3":{"start":{"line":5,"column":17},"end":{"line":5,"column":51}},"4":{"start":{"line":6,"column":24},"end":{"line":24,"column":8}},"5":{"start":{"line":6,"column":45},"end":{"line":24,"column":7}},"6":{"start":{"line":8,"column":6},"end":{"line":14,"column":7}},"7":{"start":{"line":9,"column":8},"end":{"line":13,"column":10}},"8":{"start":{"line":14,"column":8},"end":{"line":18,"column":8}},"9":{"start":{"line":20,"column":18},"end":{"line":24,"column":5}},"10":{"start":{"line":25,"column":2},"end":{"line":25,"column":36}},"11":{"start":{"line":36,"column":0},"end":{"line":38,"column":2}}},"fnMap":{"0":{"name":"(anonymous_0)","decl":{"start":{"line":4,"column":20},"end":{"line":4,"column":21}},"loc":{"start":{"line":4,"column":31},"end":{"line":26,"column":1}},"line":4},"1":{"name":"(anonymous_1)","decl":{"start":{"line":6,"column":35},"end":{"line":6,"column":36}},"loc":{"start":{"line":6,"column":45},"end":{"line":24,"column":7}},"line":6},"2":{"name":"(anonymous_2)","decl":{"start":{"line":7,"column":10},"end":{"line":7,"column":11}},"loc":{"start":{"line":7,"column":24},"end":{"line":19,"column":5}},"line":7},"3":{"name":"(anonymous_3)","decl":{"start":{"line":20,"column":11},"end":{"line":20,"column":12}},"loc":{"start":{"line":20,"column":18},"end":{"line":24,"column":5}},"line":20}},"branchMap":{"0":{"loc":{"start":{"line":8,"column":6},"end":{"line":14,"column":7}},"type":"if","locations":[{"start":{"line":8,"column":6},"end":{"line":14,"column":7}},{"start":{"line":8,"column":6},"end":{"line":14,"column":7}}],"line":8},"1":{"loc":{"start":{"line":8,"column":10},"end":{"line":8,"column":58}},"type":"binary-expr","locations":[{"start":{"line":8,"column":10},"end":{"line":8,"column":32}},{"start":{"line":8,"column":36},"end":{"line":8,"column":58}}],"line":8}},"s":{"0":3,"1":3,"2":3,"3":2,"4":2,"5":6,"6":4,"7":2,"8":2,"9":2,"10":2,"11":3},"f":{"0":2,"1":6,"2":4,"3":2},"b":{"0":[2,2],"1":[4,4]},"_coverageSchema":"1a1c01bbd47fc00a2c39e90264f33305004495a9","hash":"6e67386ead728bb3d06197c52f3d941c26076068"}
}
