{"/home/lizbeth/Documents/LAB-11/LIM011-fe-md-links/src/md-link.js": {"path":"/home/lizbeth/Documents/LAB-11/LIM011-fe-md-links/src/md-link.js","statementMap":{"0":{"start":{"line":2,"column":22},"end":{"line":2,"column":62}},"1":{"start":{"line":3,"column":16},"end":{"line":3,"column":51}},"2":{"start":{"line":5,"column":16},"end":{"line":10,"column":2}},"3":{"start":{"line":5,"column":35},"end":{"line":10,"column":2}},"4":{"start":{"line":6,"column":2},"end":{"line":8,"column":3}},"5":{"start":{"line":7,"column":4},"end":{"line":7,"column":39}},"6":{"start":{"line":9,"column":2},"end":{"line":9,"column":60}},"7":{"start":{"line":13,"column":27},"end":{"line":17,"column":1}},"8":{"start":{"line":14,"column":18},"end":{"line":14,"column":20}},"9":{"start":{"line":15,"column":2},"end":{"line":15,"column":95}},"10":{"start":{"line":15,"column":28},"end":{"line":15,"column":91}},"11":{"start":{"line":16,"column":2},"end":{"line":16,"column":19}},"12":{"start":{"line":18,"column":26},"end":{"line":24,"column":1}},"13":{"start":{"line":19,"column":18},"end":{"line":19,"column":20}},"14":{"start":{"line":20,"column":2},"end":{"line":22,"column":5}},"15":{"start":{"line":21,"column":4},"end":{"line":21,"column":94}},"16":{"start":{"line":23,"column":2},"end":{"line":23,"column":19}},"17":{"start":{"line":27,"column":0},"end":{"line":31,"column":2}}},"fnMap":{"0":{"name":"(anonymous_0)","decl":{"start":{"line":5,"column":16},"end":{"line":5,"column":17}},"loc":{"start":{"line":5,"column":35},"end":{"line":10,"column":2}},"line":5},"1":{"name":"(anonymous_1)","decl":{"start":{"line":5,"column":47},"end":{"line":5,"column":48}},"loc":{"start":{"line":5,"column":60},"end":{"line":10,"column":1}},"line":5},"2":{"name":"(anonymous_2)","decl":{"start":{"line":13,"column":27},"end":{"line":13,"column":28}},"loc":{"start":{"line":13,"column":38},"end":{"line":17,"column":1}},"line":13},"3":{"name":"(anonymous_3)","decl":{"start":{"line":15,"column":16},"end":{"line":15,"column":17}},"loc":{"start":{"line":15,"column":26},"end":{"line":15,"column":93}},"line":15},"4":{"name":"(anonymous_4)","decl":{"start":{"line":18,"column":26},"end":{"line":18,"column":27}},"loc":{"start":{"line":18,"column":37},"end":{"line":24,"column":1}},"line":18},"5":{"name":"(anonymous_5)","decl":{"start":{"line":20,"column":16},"end":{"line":20,"column":17}},"loc":{"start":{"line":20,"column":26},"end":{"line":22,"column":3}},"line":20}},"branchMap":{"0":{"loc":{"start":{"line":6,"column":2},"end":{"line":8,"column":3}},"type":"if","locations":[{"start":{"line":6,"column":2},"end":{"line":8,"column":3}},{"start":{"line":6,"column":2},"end":{"line":8,"column":3}}],"line":6}},"s":{"0":1,"1":1,"2":1,"3":2,"4":2,"5":1,"6":2,"7":1,"8":1,"9":1,"10":3,"11":1,"12":1,"13":1,"14":1,"15":3,"16":1,"17":1},"f":{"0":2,"1":2,"2":1,"3":3,"4":1,"5":3},"b":{"0":[1,1]},"_coverageSchema":"1a1c01bbd47fc00a2c39e90264f33305004495a9","hash":"262ffea81fd012bf25ea89d286348eccab18cf80"}
,"/home/lizbeth/Documents/LAB-11/LIM011-fe-md-links/src/utils/estractorLink.js": {"path":"/home/lizbeth/Documents/LAB-11/LIM011-fe-md-links/src/utils/estractorLink.js","statementMap":{"0":{"start":{"line":1,"column":15},"end":{"line":1,"column":32}},"1":{"start":{"line":2,"column":13},"end":{"line":2,"column":28}},"2":{"start":{"line":3,"column":11},"end":{"line":3,"column":24}},"3":{"start":{"line":6,"column":31},"end":{"line":20,"column":1}},"4":{"start":{"line":7,"column":23},"end":{"line":7,"column":25}},"5":{"start":{"line":9,"column":2},"end":{"line":18,"column":3}},"6":{"start":{"line":10,"column":34},"end":{"line":10,"column":55}},"7":{"start":{"line":12,"column":4},"end":{"line":15,"column":7}},"8":{"start":{"line":13,"column":31},"end":{"line":13,"column":53}},"9":{"start":{"line":14,"column":6},"end":{"line":14,"column":87}},"10":{"start":{"line":17,"column":4},"end":{"line":17,"column":31}},"11":{"start":{"line":19,"column":2},"end":{"line":19,"column":24}},"12":{"start":{"line":22,"column":24},"end":{"line":22,"column":87}},"13":{"start":{"line":22,"column":35},"end":{"line":22,"column":87}},"14":{"start":{"line":22,"column":58},"end":{"line":22,"column":86}},"15":{"start":{"line":24,"column":21},"end":{"line":35,"column":1}},"16":{"start":{"line":26,"column":22},"end":{"line":26,"column":48}},"17":{"start":{"line":28,"column":40},"end":{"line":28,"column":63}},"18":{"start":{"line":30,"column":2},"end":{"line":32,"column":38}},"19":{"start":{"line":31,"column":4},"end":{"line":31,"column":49}},"20":{"start":{"line":32,"column":11},"end":{"line":32,"column":36}},"21":{"start":{"line":33,"column":17},"end":{"line":33,"column":70}},"22":{"start":{"line":34,"column":2},"end":{"line":34,"column":16}},"23":{"start":{"line":37,"column":30},"end":{"line":57,"column":1}},"24":{"start":{"line":38,"column":31},"end":{"line":38,"column":53}},"25":{"start":{"line":40,"column":16},"end":{"line":40,"column":18}},"26":{"start":{"line":41,"column":19},"end":{"line":41,"column":40}},"27":{"start":{"line":43,"column":2},"end":{"line":55,"column":5}},"28":{"start":{"line":44,"column":22},"end":{"line":44,"column":59}},"29":{"start":{"line":45,"column":19},"end":{"line":51,"column":5}},"30":{"start":{"line":46,"column":6},"end":{"line":50,"column":9}},"31":{"start":{"line":52,"column":4},"end":{"line":52,"column":27}},"32":{"start":{"line":54,"column":4},"end":{"line":54,"column":36}},"33":{"start":{"line":56,"column":2},"end":{"line":56,"column":15}},"34":{"start":{"line":59,"column":0},"end":{"line":64,"column":2}}},"fnMap":{"0":{"name":"(anonymous_0)","decl":{"start":{"line":6,"column":31},"end":{"line":6,"column":32}},"loc":{"start":{"line":6,"column":42},"end":{"line":20,"column":1}},"line":6},"1":{"name":"(anonymous_1)","decl":{"start":{"line":12,"column":34},"end":{"line":12,"column":35}},"loc":{"start":{"line":12,"column":44},"end":{"line":15,"column":5}},"line":12},"2":{"name":"(anonymous_2)","decl":{"start":{"line":22,"column":24},"end":{"line":22,"column":25}},"loc":{"start":{"line":22,"column":35},"end":{"line":22,"column":87}},"line":22},"3":{"name":"(anonymous_3)","decl":{"start":{"line":22,"column":48},"end":{"line":22,"column":49}},"loc":{"start":{"line":22,"column":58},"end":{"line":22,"column":86}},"line":22},"4":{"name":"(anonymous_4)","decl":{"start":{"line":24,"column":21},"end":{"line":24,"column":22}},"loc":{"start":{"line":24,"column":36},"end":{"line":35,"column":1}},"line":24},"5":{"name":"(anonymous_5)","decl":{"start":{"line":37,"column":30},"end":{"line":37,"column":31}},"loc":{"start":{"line":37,"column":44},"end":{"line":57,"column":1}},"line":37},"6":{"name":"(anonymous_6)","decl":{"start":{"line":43,"column":31},"end":{"line":43,"column":32}},"loc":{"start":{"line":43,"column":46},"end":{"line":55,"column":3}},"line":43},"7":{"name":"(anonymous_7)","decl":{"start":{"line":45,"column":19},"end":{"line":45,"column":20}},"loc":{"start":{"line":45,"column":38},"end":{"line":51,"column":5}},"line":45}},"branchMap":{"0":{"loc":{"start":{"line":9,"column":2},"end":{"line":18,"column":3}},"type":"if","locations":[{"start":{"line":9,"column":2},"end":{"line":18,"column":3}},{"start":{"line":9,"column":2},"end":{"line":18,"column":3}}],"line":9},"1":{"loc":{"start":{"line":30,"column":2},"end":{"line":32,"column":38}},"type":"if","locations":[{"start":{"line":30,"column":2},"end":{"line":32,"column":38}},{"start":{"line":30,"column":2},"end":{"line":32,"column":38}}],"line":30}},"s":{"0":3,"1":3,"2":3,"3":3,"4":27,"5":27,"6":7,"7":7,"8":20,"9":20,"10":20,"11":27,"12":3,"13":7,"14":20,"15":3,"16":6,"17":6,"18":6,"19":1,"20":5,"21":6,"22":6,"23":3,"24":5,"25":5,"26":5,"27":5,"28":5,"29":5,"30":16,"31":5,"32":5,"33":5,"34":3},"f":{"0":27,"1":20,"2":7,"3":20,"4":6,"5":5,"6":5,"7":16},"b":{"0":[7,20],"1":[1,5]},"_coverageSchema":"1a1c01bbd47fc00a2c39e90264f33305004495a9","hash":"eeaf7c95aee20a2923a3358a81cb1850beb85652"}
,"/home/lizbeth/Documents/LAB-11/LIM011-fe-md-links/src/utils/stats.js": {"path":"/home/lizbeth/Documents/LAB-11/LIM011-fe-md-links/src/utils/stats.js","statementMap":{"0":{"start":{"line":2,"column":19},"end":{"line":2,"column":42}},"1":{"start":{"line":2,"column":30},"end":{"line":2,"column":42}},"2":{"start":{"line":4,"column":20},"end":{"line":4,"column":82}},"3":{"start":{"line":4,"column":31},"end":{"line":4,"column":82}},"4":{"start":{"line":4,"column":63},"end":{"line":4,"column":72}},"5":{"start":{"line":5,"column":20},"end":{"line":5,"column":110}},"6":{"start":{"line":5,"column":31},"end":{"line":5,"column":110}},"7":{"start":{"line":5,"column":54},"end":{"line":5,"column":102}},"8":{"start":{"line":8,"column":19},"end":{"line":11,"column":1}},"9":{"start":{"line":9,"column":17},"end":{"line":9,"column":83}},"10":{"start":{"line":10,"column":2},"end":{"line":10,"column":15}},"11":{"start":{"line":13,"column":27},"end":{"line":16,"column":1}},"12":{"start":{"line":14,"column":17},"end":{"line":14,"column":112}},"13":{"start":{"line":15,"column":2},"end":{"line":15,"column":15}},"14":{"start":{"line":18,"column":0},"end":{"line":24,"column":2}}},"fnMap":{"0":{"name":"(anonymous_0)","decl":{"start":{"line":2,"column":19},"end":{"line":2,"column":20}},"loc":{"start":{"line":2,"column":30},"end":{"line":2,"column":42}},"line":2},"1":{"name":"(anonymous_1)","decl":{"start":{"line":4,"column":20},"end":{"line":4,"column":21}},"loc":{"start":{"line":4,"column":31},"end":{"line":4,"column":82}},"line":4},"2":{"name":"(anonymous_2)","decl":{"start":{"line":4,"column":53},"end":{"line":4,"column":54}},"loc":{"start":{"line":4,"column":63},"end":{"line":4,"column":72}},"line":4},"3":{"name":"(anonymous_3)","decl":{"start":{"line":5,"column":20},"end":{"line":5,"column":21}},"loc":{"start":{"line":5,"column":31},"end":{"line":5,"column":110}},"line":5},"4":{"name":"(anonymous_4)","decl":{"start":{"line":5,"column":44},"end":{"line":5,"column":45}},"loc":{"start":{"line":5,"column":54},"end":{"line":5,"column":102}},"line":5},"5":{"name":"(anonymous_5)","decl":{"start":{"line":8,"column":19},"end":{"line":8,"column":20}},"loc":{"start":{"line":8,"column":30},"end":{"line":11,"column":1}},"line":8},"6":{"name":"(anonymous_6)","decl":{"start":{"line":13,"column":27},"end":{"line":13,"column":28}},"loc":{"start":{"line":13,"column":38},"end":{"line":16,"column":1}},"line":13}},"branchMap":{"0":{"loc":{"start":{"line":5,"column":54},"end":{"line":5,"column":102}},"type":"binary-expr","locations":[{"start":{"line":5,"column":54},"end":{"line":5,"column":72}},{"start":{"line":5,"column":76},"end":{"line":5,"column":102}}],"line":5}},"s":{"0":1,"1":3,"2":1,"3":3,"4":9,"5":1,"6":2,"7":6,"8":1,"9":1,"10":1,"11":1,"12":1,"13":1,"14":1},"f":{"0":3,"1":3,"2":9,"3":2,"4":6,"5":1,"6":1},"b":{"0":[6,6]},"_coverageSchema":"1a1c01bbd47fc00a2c39e90264f33305004495a9","hash":"28a1726af80ce9bf3897ea3da44b2c5f98ef9214"}
,"/home/lizbeth/Documents/LAB-11/LIM011-fe-md-links/src/utils/validate.js": {"path":"/home/lizbeth/Documents/LAB-11/LIM011-fe-md-links/src/utils/validate.js","statementMap":{"0":{"start":{"line":1,"column":14},"end":{"line":1,"column":35}},"1":{"start":{"line":2,"column":14},"end":{"line":2,"column":47}},"2":{"start":{"line":4,"column":20},"end":{"line":26,"column":1}},"3":{"start":{"line":5,"column":17},"end":{"line":5,"column":51}},"4":{"start":{"line":6,"column":24},"end":{"line":24,"column":8}},"5":{"start":{"line":6,"column":45},"end":{"line":24,"column":7}},"6":{"start":{"line":8,"column":6},"end":{"line":14,"column":7}},"7":{"start":{"line":9,"column":8},"end":{"line":13,"column":10}},"8":{"start":{"line":14,"column":8},"end":{"line":18,"column":8}},"9":{"start":{"line":20,"column":18},"end":{"line":24,"column":5}},"10":{"start":{"line":25,"column":2},"end":{"line":25,"column":36}},"11":{"start":{"line":29,"column":0},"end":{"line":31,"column":2}}},"fnMap":{"0":{"name":"(anonymous_0)","decl":{"start":{"line":4,"column":20},"end":{"line":4,"column":21}},"loc":{"start":{"line":4,"column":31},"end":{"line":26,"column":1}},"line":4},"1":{"name":"(anonymous_1)","decl":{"start":{"line":6,"column":35},"end":{"line":6,"column":36}},"loc":{"start":{"line":6,"column":45},"end":{"line":24,"column":7}},"line":6},"2":{"name":"(anonymous_2)","decl":{"start":{"line":7,"column":10},"end":{"line":7,"column":11}},"loc":{"start":{"line":7,"column":24},"end":{"line":19,"column":5}},"line":7},"3":{"name":"(anonymous_3)","decl":{"start":{"line":20,"column":11},"end":{"line":20,"column":12}},"loc":{"start":{"line":20,"column":18},"end":{"line":24,"column":5}},"line":20}},"branchMap":{"0":{"loc":{"start":{"line":8,"column":6},"end":{"line":14,"column":7}},"type":"if","locations":[{"start":{"line":8,"column":6},"end":{"line":14,"column":7}},{"start":{"line":8,"column":6},"end":{"line":14,"column":7}}],"line":8},"1":{"loc":{"start":{"line":8,"column":10},"end":{"line":8,"column":58}},"type":"binary-expr","locations":[{"start":{"line":8,"column":10},"end":{"line":8,"column":32}},{"start":{"line":8,"column":36},"end":{"line":8,"column":58}}],"line":8}},"s":{"0":2,"1":2,"2":2,"3":2,"4":2,"5":6,"6":4,"7":2,"8":2,"9":2,"10":2,"11":2},"f":{"0":2,"1":6,"2":4,"3":2},"b":{"0":[2,2],"1":[4,4]},"_coverageSchema":"1a1c01bbd47fc00a2c39e90264f33305004495a9","hash":"c9a3c2a70941f2f945533461f828a3885e7a0b20"}
}
