TN:
SF:src/cliCondition.js
FN:5,(anonymous_0)
FN:8,(anonymous_1)
FN:11,(anonymous_2)
FN:14,(anonymous_3)
FN:17,(anonymous_4)
FN:19,(anonymous_5)
FNF:6
FNH:0
FNDA:0,(anonymous_0)
FNDA:0,(anonymous_1)
FNDA:0,(anonymous_2)
FNDA:0,(anonymous_3)
FNDA:0,(anonymous_4)
FNDA:0,(anonymous_5)
DA:1,1
DA:2,1
DA:5,1
DA:6,0
DA:7,0
DA:8,0
DA:9,0
DA:10,0
DA:11,0
DA:12,0
DA:13,0
DA:14,0
DA:15,0
DA:16,0
DA:17,0
DA:18,0
DA:19,0
DA:21,0
DA:23,1
LF:19
LH:4
BRDA:7,0,0,0
BRDA:7,0,1,0
BRDA:9,1,0,0
BRDA:9,1,1,0
BRDA:12,2,0,0
BRDA:12,2,1,0
BRDA:12,3,0,0
BRDA:12,3,1,0
BRDA:12,3,2,0
BRDA:12,3,3,0
BRDA:15,4,0,0
BRDA:15,4,1,0
BRDA:15,5,0,0
BRDA:15,5,1,0
BRDA:18,6,0,0
BRDA:18,6,1,0
BRDA:18,7,0,0
BRDA:18,7,1,0
BRF:18
BRH:0
end_of_record
TN:
SF:src/md-link.js
FN:6,(anonymous_0)
FN:6,(anonymous_1)
FN:51,(anonymous_2)
FN:53,(anonymous_3)
FN:56,(anonymous_4)
FN:58,(anonymous_5)
FNF:6
FNH:6
FNDA:2,(anonymous_0)
FNDA:2,(anonymous_1)
FNDA:1,(anonymous_2)
FNDA:3,(anonymous_3)
FNDA:1,(anonymous_4)
FNDA:3,(anonymous_5)
DA:3,2
DA:4,2
DA:6,2
DA:8,2
DA:9,1
DA:12,2
DA:51,2
DA:52,1
DA:53,3
DA:54,1
DA:56,2
DA:57,1
DA:58,1
DA:59,3
DA:61,1
DA:67,2
LF:16
LH:16
BRDA:8,0,0,1
BRDA:8,0,1,1
BRF:2
BRH:2
end_of_record
TN:
SF:src/utils/estractorLink.js
FN:7,(anonymous_0)
FN:14,(anonymous_1)
FN:26,(anonymous_2)
FN:26,(anonymous_3)
FN:28,(anonymous_4)
FN:43,(anonymous_5)
FN:49,(anonymous_6)
FN:52,(anonymous_7)
FNF:8
FNH:8
FNDA:28,(anonymous_0)
FNDA:21,(anonymous_1)
FNDA:7,(anonymous_2)
FNDA:21,(anonymous_3)
FNDA:6,(anonymous_4)
FNDA:5,(anonymous_5)
FNDA:5,(anonymous_6)
FNDA:16,(anonymous_7)
DA:1,4
DA:2,4
DA:3,4
DA:7,4
DA:8,28
DA:11,28
DA:12,7
DA:14,7
DA:15,21
DA:16,21
DA:20,21
DA:22,28
DA:26,21
DA:28,4
DA:31,6
DA:33,6
DA:35,6
DA:36,1
DA:37,5
DA:38,6
DA:39,6
DA:43,4
DA:44,5
DA:46,5
DA:47,5
DA:49,5
DA:50,5
DA:52,5
DA:53,16
DA:59,5
DA:61,5
DA:63,5
DA:71,4
LF:33
LH:33
BRDA:11,0,0,7
BRDA:11,0,1,21
BRDA:35,1,0,1
BRDA:35,1,1,5
BRF:4
BRH:4
end_of_record
TN:
SF:src/utils/stats.js
FN:2,(anonymous_0)
FN:4,(anonymous_1)
FN:4,(anonymous_2)
FN:5,(anonymous_3)
FN:5,(anonymous_4)
FN:8,(anonymous_5)
FN:13,(anonymous_6)
FNF:7
FNH:7
FNDA:3,(anonymous_0)
FNDA:3,(anonymous_1)
FNDA:9,(anonymous_2)
FNDA:2,(anonymous_3)
FNDA:6,(anonymous_4)
FNDA:1,(anonymous_5)
FNDA:1,(anonymous_6)
DA:2,3
DA:4,9
DA:5,6
DA:8,2
DA:9,1
DA:10,1
DA:13,2
DA:14,1
DA:15,1
DA:35,2
LF:10
LH:10
BRDA:5,0,0,6
BRDA:5,0,1,6
BRF:2
BRH:2
end_of_record
TN:
SF:src/utils/validate.js
FN:4,(anonymous_0)
FN:6,(anonymous_1)
FN:7,(anonymous_2)
FN:20,(anonymous_3)
FNF:4
FNH:4
FNDA:2,(anonymous_0)
FNDA:6,(anonymous_1)
FNDA:4,(anonymous_2)
FNDA:2,(anonymous_3)
DA:1,3
DA:2,3
DA:4,3
DA:5,2
DA:6,6
DA:8,4
DA:9,2
DA:14,2
DA:20,2
DA:25,2
DA:36,3
LF:11
LH:11
BRDA:8,0,0,2
BRDA:8,0,1,2
BRDA:8,1,0,4
BRDA:8,1,1,4
BRF:4
BRH:4
end_of_record
