TN:
SF:src/md-link.js
FN:5,(anonymous_0)
FN:5,(anonymous_1)
FNF:2
FNH:2
FNDA:2,(anonymous_0)
FNDA:2,(anonymous_1)
DA:1,1
DA:2,1
DA:3,1
DA:5,2
DA:6,2
DA:8,2
DA:9,1
DA:11,1
DA:12,1
DA:19,1
LF:10
LH:10
BRDA:8,0,0,1
BRDA:8,0,1,1
BRDA:11,1,0,1
BRDA:11,1,1,0
BRF:4
BRH:3
end_of_record
TN:
SF:src/utils/estractorLink.js
FN:5,(anonymous_0)
FN:15,(anonymous_1)
FN:21,(anonymous_2)
FN:24,(anonymous_3)
FNF:4
FNH:4
FNDA:5,(anonymous_0)
FNDA:4,(anonymous_1)
FNDA:4,(anonymous_2)
FNDA:10,(anonymous_3)
DA:1,3
DA:2,3
DA:3,3
DA:5,3
DA:7,5
DA:8,5
DA:9,1
DA:10,4
DA:11,5
DA:12,5
DA:15,3
DA:16,4
DA:18,4
DA:19,4
DA:21,4
DA:22,4
DA:24,4
DA:25,10
DA:31,4
DA:33,4
DA:35,4
DA:43,3
LF:22
LH:22
BRDA:8,0,0,1
BRDA:8,0,1,4
BRF:2
BRH:2
end_of_record
TN:
SF:src/utils/route.js
FN:4,(anonymous_0)
FN:10,(anonymous_1)
FN:14,(anonymous_2)
FN:20,(anonymous_3)
FN:34,(anonymous_4)
FN:40,(anonymous_5)
FN:41,(anonymous_6)
FNF:7
FNH:7
FNDA:6,(anonymous_0)
FNDA:4,(anonymous_1)
FNDA:27,(anonymous_2)
FNDA:21,(anonymous_3)
FNDA:2,(anonymous_4)
FNDA:6,(anonymous_5)
FNDA:21,(anonymous_6)
DA:1,4
DA:2,4
DA:4,4
DA:6,6
DA:7,6
DA:10,4
DA:14,4
DA:15,27
DA:17,27
DA:18,6
DA:20,6
DA:21,21
DA:22,21
DA:25,21
DA:29,27
DA:34,4
DA:35,2
DA:37,2
DA:40,4
DA:41,21
DA:42,6
DA:47,4
LF:22
LH:22
BRDA:17,0,0,6
BRDA:17,0,1,21
BRF:2
BRH:2
end_of_record
TN:
SF:src/utils/stats.js
FN:30,(anonymous_0)
FN:34,(anonymous_1)
FN:34,(anonymous_2)
FN:38,(anonymous_3)
FN:38,(anonymous_4)
FNF:5
FNH:5
FNDA:1,(anonymous_0)
FNDA:1,(anonymous_1)
FNDA:3,(anonymous_2)
FNDA:1,(anonymous_3)
FNDA:3,(anonymous_4)
DA:30,1
DA:34,3
DA:38,3
DA:42,1
LF:4
LH:4
BRDA:38,0,0,3
BRDA:38,0,1,3
BRF:2
BRH:2
end_of_record
TN:
SF:src/utils/validate.js
FN:6,(anonymous_0)
FN:8,(anonymous_1)
FN:9,(anonymous_2)
FN:19,(anonymous_3)
FNF:4
FNH:3
FNDA:2,(anonymous_0)
FNDA:4,(anonymous_1)
FNDA:4,(anonymous_2)
FNDA:0,(anonymous_3)
DA:3,2
DA:4,2
DA:6,2
DA:7,2
DA:8,4
DA:10,4
DA:11,2
DA:12,2
DA:14,2
DA:15,2
DA:17,4
DA:20,0
DA:21,0
DA:22,0
DA:24,2
DA:34,2
LF:16
LH:13
BRDA:10,0,0,2
BRDA:10,0,1,2
BRDA:10,1,0,4
BRDA:10,1,1,4
BRF:4
BRH:4
end_of_record
